<?xml version="1.0" encoding="UTF-8"?>
<testng-results ignored="6" total="7" passed="1" failed="0" skipped="0">
  <reporter-output>
  </reporter-output>
  <suite started-at="2022-05-04T08:09:16 IST" name="Default suite" finished-at="2022-05-04T08:09:33 IST" duration-ms="16868">
    <groups>
    </groups>
    <test started-at="2022-05-04T08:09:16 IST" name="Default test" finished-at="2022-05-04T08:09:33 IST" duration-ms="16868">
      <class name="seleniumframeworkJava.webElement">
        <test-method signature="mousehower()[pri:0, instance:seleniumframeworkJava.webElement@24fcf36f]" started-at="2022-05-04T08:09:16 IST" name="mousehower" finished-at="2022-05-04T08:09:33 IST" duration-ms="16804" status="PASS">
          <reporter-output>
          </reporter-output>
        </test-method> <!-- mousehower -->
      </class> <!-- seleniumframeworkJava.webElement -->
    </test> <!-- Default test -->
  </suite> <!-- Default suite -->
</testng-results>
